[2021-10-01 12:07:16,063] DEBUG in api: WHERE "author LIKE ?", ['%Heinlein%']
[2021-10-01 12:07:39,489] DEBUG in api: WHERE "author LIKE ?", ['%Heinlein%']
[2021-10-01 12:07:58,922] DEBUG in api: WHERE "published = ? AND author LIKE ?", ['1962', '%"Heinlein"%']
[2021-10-01 12:08:05,527] DEBUG in api: WHERE "published = ? AND author LIKE ?", ['1962', '%Heinlein%']
[2021-10-01 12:30:08,664] DEBUG in api: WHERE "published = ? AND author LIKE ?", ['1962', '%Heinlein%']
[2021-10-01 12:32:11,038] DEBUG in api: WHERE "published = ? AND author LIKE ?", ['1962', '%Heinlein%']
[2021-10-01 12:35:07,526] DEBUG in api: WHERE "published = ? AND author LIKE ?", ['1962', '%Heinlein%']
[2021-10-01 12:35:23,979] DEBUG in api: WHERE "published = ? AND author LIKE ?", ['1962', '%Heinlein%']
[2021-10-01 12:35:44,848] DEBUG in api: WHERE "published = ? AND author LIKE ?", ['1962', '%Heinlein%']
[2021-10-01 12:35:47,764] DEBUG in api: WHERE "published = ? AND author LIKE ?", ['1962', '%Heinlein%']
[2021-10-01 12:39:28,970] DEBUG in api: WHERE "published = ? AND author LIKE ?", ['2017', '%Heinlein%']
[2021-10-01 12:39:57,497] DEBUG in api: WHERE "published = ? AND author LIKE ?", ['1962', '%Heinlein%']
[2021-10-10 12:07:09,139] DEBUG in api: WHERE "published = ?", ['2017']
[2021-11-13 17:32:27,764] DEBUG in urllib3.connectionpool: Starting new HTTP connection (1): localhost:80
[2021-11-13 17:32:27,785] DEBUG in urllib3.connectionpool: http://localhost:80 "GET /posts/1 HTTP/1.1" 200 224
[2021-11-13 17:33:34,020] DEBUG in urllib3.connectionpool: Starting new HTTP connection (1): localhost:80
[2021-11-13 17:33:34,037] DEBUG in urllib3.connectionpool: http://localhost:80 "GET /posts/1 HTTP/1.1" 200 224
[2021-11-13 17:34:43,378] DEBUG in urllib3.connectionpool: Starting new HTTP connection (1): localhost:80
[2021-11-13 17:34:43,395] DEBUG in urllib3.connectionpool: http://localhost:80 "GET /posts/1 HTTP/1.1" 200 224
[2021-11-13 17:35:44,397] DEBUG in urllib3.connectionpool: Starting new HTTP connection (1): localhost:80
[2021-11-13 17:35:44,413] DEBUG in urllib3.connectionpool: http://localhost:80 "GET /posts/1 HTTP/1.1" 200 224
[2021-11-13 17:35:46,280] DEBUG in urllib3.connectionpool: Starting new HTTP connection (1): localhost:80
[2021-11-13 17:35:46,295] DEBUG in urllib3.connectionpool: http://localhost:80 "GET /posts/1 HTTP/1.1" 200 224
[2021-11-13 17:36:13,641] DEBUG in urllib3.connectionpool: Starting new HTTP connection (1): localhost:80
[2021-11-13 17:36:13,655] DEBUG in urllib3.connectionpool: http://localhost:80 "GET /posts/1 HTTP/1.1" 200 224
[2021-11-13 17:39:39,668] DEBUG in urllib3.connectionpool: Starting new HTTP connection (1): localhost:80
[2021-11-13 17:39:39,684] DEBUG in urllib3.connectionpool: http://localhost:80 "GET /posts/1 HTTP/1.1" 200 224
[2021-11-13 17:41:25,795] DEBUG in urllib3.connectionpool: Starting new HTTP connection (1): localhost:80
[2021-11-13 17:41:25,810] DEBUG in urllib3.connectionpool: http://localhost:80 "GET /posts/1 HTTP/1.1" 200 224
[2021-11-13 17:41:30,985] DEBUG in urllib3.connectionpool: Starting new HTTP connection (1): localhost:80
[2021-11-13 17:41:30,999] DEBUG in urllib3.connectionpool: http://localhost:80 "GET /posts/1 HTTP/1.1" 200 224
[2021-11-13 17:42:00,654] DEBUG in urllib3.connectionpool: Starting new HTTP connection (1): localhost:80
[2021-11-13 17:42:00,669] DEBUG in urllib3.connectionpool: http://localhost:80 "GET /posts/1 HTTP/1.1" 200 224
[2021-11-13 17:42:00,670] DEBUG in urllib3.connectionpool: Starting new HTTP connection (1): localhost:80
[2021-11-13 17:42:00,685] DEBUG in urllib3.connectionpool: http://localhost:80 "GET /posts/2 HTTP/1.1" 200 149
[2021-11-13 17:42:00,686] DEBUG in urllib3.connectionpool: Starting new HTTP connection (1): localhost:80
[2021-11-13 17:42:00,704] DEBUG in urllib3.connectionpool: http://localhost:80 "GET /posts/3 HTTP/1.1" 200 163
[2021-11-13 17:43:50,255] DEBUG in urllib3.connectionpool: Starting new HTTP connection (1): localhost:80
[2021-11-13 17:43:50,271] DEBUG in urllib3.connectionpool: http://localhost:80 "GET /posts/1 HTTP/1.1" 200 224
[2021-11-13 17:43:50,273] DEBUG in urllib3.connectionpool: Starting new HTTP connection (1): localhost:80
[2021-11-13 17:43:50,288] DEBUG in urllib3.connectionpool: http://localhost:80 "GET /posts/2 HTTP/1.1" 200 149
[2021-11-13 17:43:50,290] DEBUG in urllib3.connectionpool: Starting new HTTP connection (1): localhost:80
[2021-11-13 17:43:50,306] DEBUG in urllib3.connectionpool: http://localhost:80 "GET /posts/3 HTTP/1.1" 200 163
[2021-11-13 18:20:48,360] DEBUG in urllib3.connectionpool: Starting new HTTP connection (1): localhost:80
[2021-11-13 18:20:48,400] DEBUG in urllib3.connectionpool: http://localhost:80 "GET /posts/3 HTTP/1.1" 200 163
[2021-11-13 18:20:48,402] DEBUG in urllib3.connectionpool: Starting new HTTP connection (1): localhost:80
[2021-11-13 18:20:48,434] DEBUG in urllib3.connectionpool: http://localhost:80 "GET /posts/1 HTTP/1.1" 200 224
[2021-11-13 18:20:48,436] DEBUG in urllib3.connectionpool: Starting new HTTP connection (1): localhost:80
[2021-11-13 18:20:48,470] DEBUG in urllib3.connectionpool: http://localhost:80 "GET /posts/1 HTTP/1.1" 200 224
[2021-11-13 18:20:48,471] DEBUG in urllib3.connectionpool: Starting new HTTP connection (1): localhost:80
[2021-11-13 18:20:48,484] DEBUG in urllib3.connectionpool: http://localhost:80 "GET /posts/2 HTTP/1.1" 200 149
[2021-11-13 18:20:48,485] DEBUG in urllib3.connectionpool: Starting new HTTP connection (1): localhost:80
[2021-11-13 18:20:48,499] DEBUG in urllib3.connectionpool: http://localhost:80 "GET /posts/2 HTTP/1.1" 200 149
[2021-11-13 18:20:48,500] DEBUG in urllib3.connectionpool: Starting new HTTP connection (1): localhost:80
[2021-11-13 18:20:48,513] DEBUG in urllib3.connectionpool: http://localhost:80 "GET /posts/3 HTTP/1.1" 200 163
[2021-11-13 18:21:29,275] DEBUG in urllib3.connectionpool: Starting new HTTP connection (1): localhost:80
[2021-11-13 18:21:29,286] DEBUG in urllib3.connectionpool: http://localhost:80 "GET /posts/3 HTTP/1.1" 200 163
[2021-11-13 18:21:29,288] DEBUG in urllib3.connectionpool: Starting new HTTP connection (1): localhost:80
[2021-11-13 18:21:29,300] DEBUG in urllib3.connectionpool: http://localhost:80 "GET /posts/1 HTTP/1.1" 200 224
[2021-11-13 18:21:29,302] DEBUG in urllib3.connectionpool: Starting new HTTP connection (1): localhost:80
[2021-11-13 18:21:29,314] DEBUG in urllib3.connectionpool: http://localhost:80 "GET /posts/1 HTTP/1.1" 200 224
[2021-11-13 18:21:29,315] DEBUG in urllib3.connectionpool: Starting new HTTP connection (1): localhost:80
[2021-11-13 18:21:29,326] DEBUG in urllib3.connectionpool: http://localhost:80 "GET /posts/2 HTTP/1.1" 200 149
[2021-11-13 18:21:29,327] DEBUG in urllib3.connectionpool: Starting new HTTP connection (1): localhost:80
[2021-11-13 18:21:29,339] DEBUG in urllib3.connectionpool: http://localhost:80 "GET /posts/2 HTTP/1.1" 200 149
[2021-11-13 18:21:29,341] DEBUG in urllib3.connectionpool: Starting new HTTP connection (1): localhost:80
[2021-11-13 18:21:29,353] DEBUG in urllib3.connectionpool: http://localhost:80 "GET /posts/3 HTTP/1.1" 200 163
[2021-11-13 18:21:30,290] DEBUG in urllib3.connectionpool: Starting new HTTP connection (1): localhost:80
[2021-11-13 18:21:30,301] DEBUG in urllib3.connectionpool: http://localhost:80 "GET /posts/3 HTTP/1.1" 200 163
[2021-11-13 18:21:30,303] DEBUG in urllib3.connectionpool: Starting new HTTP connection (1): localhost:80
[2021-11-13 18:21:30,315] DEBUG in urllib3.connectionpool: http://localhost:80 "GET /posts/1 HTTP/1.1" 200 224
[2021-11-13 18:21:30,316] DEBUG in urllib3.connectionpool: Starting new HTTP connection (1): localhost:80
[2021-11-13 18:21:30,328] DEBUG in urllib3.connectionpool: http://localhost:80 "GET /posts/1 HTTP/1.1" 200 224
[2021-11-13 18:21:30,329] DEBUG in urllib3.connectionpool: Starting new HTTP connection (1): localhost:80
[2021-11-13 18:21:30,340] DEBUG in urllib3.connectionpool: http://localhost:80 "GET /posts/2 HTTP/1.1" 200 149
[2021-11-13 18:21:30,341] DEBUG in urllib3.connectionpool: Starting new HTTP connection (1): localhost:80
[2021-11-13 18:21:30,353] DEBUG in urllib3.connectionpool: http://localhost:80 "GET /posts/2 HTTP/1.1" 200 149
[2021-11-13 18:21:30,355] DEBUG in urllib3.connectionpool: Starting new HTTP connection (1): localhost:80
[2021-11-13 18:21:30,366] DEBUG in urllib3.connectionpool: http://localhost:80 "GET /posts/3 HTTP/1.1" 200 163
[2021-11-13 18:22:50,052] DEBUG in urllib3.connectionpool: Starting new HTTP connection (1): localhost:80
[2021-11-13 18:22:50,067] DEBUG in urllib3.connectionpool: http://localhost:80 "GET /posts/3 HTTP/1.1" 200 163
[2021-11-13 18:22:50,069] DEBUG in urllib3.connectionpool: Starting new HTTP connection (1): localhost:80
[2021-11-13 18:22:50,084] DEBUG in urllib3.connectionpool: http://localhost:80 "GET /posts/1 HTTP/1.1" 200 224
[2021-11-13 18:22:50,085] DEBUG in urllib3.connectionpool: Starting new HTTP connection (1): localhost:80
[2021-11-13 18:22:50,101] DEBUG in urllib3.connectionpool: http://localhost:80 "GET /posts/1 HTTP/1.1" 200 224
[2021-11-13 18:22:50,102] DEBUG in urllib3.connectionpool: Starting new HTTP connection (1): localhost:80
[2021-11-13 18:22:50,118] DEBUG in urllib3.connectionpool: http://localhost:80 "GET /posts/2 HTTP/1.1" 200 149
[2021-11-13 18:22:50,119] DEBUG in urllib3.connectionpool: Starting new HTTP connection (1): localhost:80
[2021-11-13 18:22:50,136] DEBUG in urllib3.connectionpool: http://localhost:80 "GET /posts/2 HTTP/1.1" 200 149
[2021-11-13 18:22:50,137] DEBUG in urllib3.connectionpool: Starting new HTTP connection (1): localhost:80
[2021-11-13 18:22:50,152] DEBUG in urllib3.connectionpool: http://localhost:80 "GET /posts/3 HTTP/1.1" 200 163
[2021-11-13 18:23:11,415] DEBUG in urllib3.connectionpool: Starting new HTTP connection (1): localhost:80
[2021-11-13 18:23:11,428] DEBUG in urllib3.connectionpool: http://localhost:80 "GET /posts/3 HTTP/1.1" 200 163
[2021-11-13 18:23:11,429] DEBUG in urllib3.connectionpool: Starting new HTTP connection (1): localhost:80
[2021-11-13 18:23:11,441] DEBUG in urllib3.connectionpool: http://localhost:80 "GET /posts/1 HTTP/1.1" 200 224
[2021-11-13 18:23:11,443] DEBUG in urllib3.connectionpool: Starting new HTTP connection (1): localhost:80
[2021-11-13 18:23:11,455] DEBUG in urllib3.connectionpool: http://localhost:80 "GET /posts/1 HTTP/1.1" 200 224
[2021-11-13 18:23:11,456] DEBUG in urllib3.connectionpool: Starting new HTTP connection (1): localhost:80
[2021-11-13 18:23:11,469] DEBUG in urllib3.connectionpool: http://localhost:80 "GET /posts/2 HTTP/1.1" 200 149
[2021-11-13 18:23:11,470] DEBUG in urllib3.connectionpool: Starting new HTTP connection (1): localhost:80
[2021-11-13 18:23:11,481] DEBUG in urllib3.connectionpool: http://localhost:80 "GET /posts/2 HTTP/1.1" 200 149
[2021-11-13 18:23:11,483] DEBUG in urllib3.connectionpool: Starting new HTTP connection (1): localhost:80
[2021-11-13 18:23:11,495] DEBUG in urllib3.connectionpool: http://localhost:80 "GET /posts/3 HTTP/1.1" 200 163
[2021-11-13 18:23:35,254] DEBUG in urllib3.connectionpool: Starting new HTTP connection (1): localhost:80
[2021-11-13 18:23:35,268] DEBUG in urllib3.connectionpool: http://localhost:80 "GET /posts/3 HTTP/1.1" 200 163
[2021-11-13 18:23:42,385] DEBUG in urllib3.connectionpool: Starting new HTTP connection (1): localhost:80
[2021-11-13 18:23:42,399] DEBUG in urllib3.connectionpool: http://localhost:80 "GET /posts/3 HTTP/1.1" 200 163
[2021-11-13 18:23:42,400] DEBUG in urllib3.connectionpool: Starting new HTTP connection (1): localhost:80
[2021-11-13 18:23:42,413] DEBUG in urllib3.connectionpool: http://localhost:80 "GET /posts/1 HTTP/1.1" 200 224
[2021-11-13 18:23:42,415] DEBUG in urllib3.connectionpool: Starting new HTTP connection (1): localhost:80
[2021-11-13 18:23:42,428] DEBUG in urllib3.connectionpool: http://localhost:80 "GET /posts/1 HTTP/1.1" 200 224
[2021-11-13 18:23:42,429] DEBUG in urllib3.connectionpool: Starting new HTTP connection (1): localhost:80
[2021-11-13 18:23:42,440] DEBUG in urllib3.connectionpool: http://localhost:80 "GET /posts/2 HTTP/1.1" 200 149
[2021-11-13 18:23:42,442] DEBUG in urllib3.connectionpool: Starting new HTTP connection (1): localhost:80
[2021-11-13 18:23:42,454] DEBUG in urllib3.connectionpool: http://localhost:80 "GET /posts/2 HTTP/1.1" 200 149
[2021-11-13 18:23:42,456] DEBUG in urllib3.connectionpool: Starting new HTTP connection (1): localhost:80
[2021-11-13 18:23:42,468] DEBUG in urllib3.connectionpool: http://localhost:80 "GET /posts/3 HTTP/1.1" 200 163
[2021-11-13 18:23:56,267] DEBUG in urllib3.connectionpool: Starting new HTTP connection (1): localhost:80
[2021-11-13 18:23:56,280] DEBUG in urllib3.connectionpool: http://localhost:80 "GET /posts/3 HTTP/1.1" 200 163
[2021-11-13 18:23:56,282] DEBUG in urllib3.connectionpool: Starting new HTTP connection (1): localhost:80
[2021-11-13 18:23:56,295] DEBUG in urllib3.connectionpool: http://localhost:80 "GET /posts/1 HTTP/1.1" 200 224
[2021-11-13 18:23:56,296] DEBUG in urllib3.connectionpool: Starting new HTTP connection (1): localhost:80
[2021-11-13 18:23:56,309] DEBUG in urllib3.connectionpool: http://localhost:80 "GET /posts/1 HTTP/1.1" 200 224
[2021-11-13 18:23:56,311] DEBUG in urllib3.connectionpool: Starting new HTTP connection (1): localhost:80
[2021-11-13 18:23:56,324] DEBUG in urllib3.connectionpool: http://localhost:80 "GET /posts/2 HTTP/1.1" 200 149
[2021-11-13 18:23:56,325] DEBUG in urllib3.connectionpool: Starting new HTTP connection (1): localhost:80
[2021-11-13 18:23:56,338] DEBUG in urllib3.connectionpool: http://localhost:80 "GET /posts/2 HTTP/1.1" 200 149
[2021-11-13 18:23:56,339] DEBUG in urllib3.connectionpool: Starting new HTTP connection (1): localhost:80
[2021-11-13 18:23:56,352] DEBUG in urllib3.connectionpool: http://localhost:80 "GET /posts/3 HTTP/1.1" 200 163
[2021-11-13 18:23:57,522] DEBUG in urllib3.connectionpool: Starting new HTTP connection (1): localhost:80
[2021-11-13 18:23:57,537] DEBUG in urllib3.connectionpool: http://localhost:80 "GET /posts/3 HTTP/1.1" 200 163
[2021-11-13 18:23:57,538] DEBUG in urllib3.connectionpool: Starting new HTTP connection (1): localhost:80
[2021-11-13 18:23:57,553] DEBUG in urllib3.connectionpool: http://localhost:80 "GET /posts/1 HTTP/1.1" 200 224
[2021-11-13 18:23:57,555] DEBUG in urllib3.connectionpool: Starting new HTTP connection (1): localhost:80
[2021-11-13 18:23:57,568] DEBUG in urllib3.connectionpool: http://localhost:80 "GET /posts/1 HTTP/1.1" 200 224
[2021-11-13 18:23:57,569] DEBUG in urllib3.connectionpool: Starting new HTTP connection (1): localhost:80
[2021-11-13 18:23:57,581] DEBUG in urllib3.connectionpool: http://localhost:80 "GET /posts/2 HTTP/1.1" 200 149
[2021-11-13 18:23:57,582] DEBUG in urllib3.connectionpool: Starting new HTTP connection (1): localhost:80
[2021-11-13 18:23:57,593] DEBUG in urllib3.connectionpool: http://localhost:80 "GET /posts/2 HTTP/1.1" 200 149
[2021-11-13 18:23:57,595] DEBUG in urllib3.connectionpool: Starting new HTTP connection (1): localhost:80
[2021-11-13 18:23:57,606] DEBUG in urllib3.connectionpool: http://localhost:80 "GET /posts/3 HTTP/1.1" 200 163
[2021-11-13 18:24:14,917] DEBUG in urllib3.connectionpool: Starting new HTTP connection (1): localhost:80
[2021-11-13 18:24:14,931] DEBUG in urllib3.connectionpool: http://localhost:80 "GET /posts/3 HTTP/1.1" 200 163
[2021-11-13 18:24:15,849] DEBUG in urllib3.connectionpool: Starting new HTTP connection (1): localhost:80
[2021-11-13 18:24:15,860] DEBUG in urllib3.connectionpool: http://localhost:80 "GET /posts/3 HTTP/1.1" 200 163
[2021-11-13 18:24:19,682] DEBUG in urllib3.connectionpool: Starting new HTTP connection (1): localhost:80
[2021-11-13 18:24:19,693] DEBUG in urllib3.connectionpool: http://localhost:80 "GET /posts/3 HTTP/1.1" 200 163
[2021-11-13 18:24:20,549] DEBUG in urllib3.connectionpool: Starting new HTTP connection (1): localhost:80
[2021-11-13 18:24:20,560] DEBUG in urllib3.connectionpool: http://localhost:80 "GET /posts/3 HTTP/1.1" 200 163
[2021-11-13 18:24:54,963] DEBUG in urllib3.connectionpool: Starting new HTTP connection (1): localhost:80
[2021-11-13 18:24:54,979] DEBUG in urllib3.connectionpool: http://localhost:80 "GET /posts/3 HTTP/1.1" 200 163
[2021-11-13 18:25:08,987] DEBUG in urllib3.connectionpool: Starting new HTTP connection (1): localhost:80
[2021-11-13 18:25:08,999] DEBUG in urllib3.connectionpool: http://localhost:80 "GET /posts/3 HTTP/1.1" 200 163
[2021-11-13 18:25:09,000] DEBUG in urllib3.connectionpool: Starting new HTTP connection (1): localhost:80
[2021-11-13 18:25:09,015] DEBUG in urllib3.connectionpool: http://localhost:80 "GET /posts/1 HTTP/1.1" 200 224
[2021-11-13 18:25:09,016] DEBUG in urllib3.connectionpool: Starting new HTTP connection (1): localhost:80
[2021-11-13 18:25:09,028] DEBUG in urllib3.connectionpool: http://localhost:80 "GET /posts/1 HTTP/1.1" 200 224
[2021-11-13 18:25:09,029] DEBUG in urllib3.connectionpool: Starting new HTTP connection (1): localhost:80
[2021-11-13 18:25:09,039] DEBUG in urllib3.connectionpool: http://localhost:80 "GET /posts/2 HTTP/1.1" 200 149
[2021-11-13 18:25:09,041] DEBUG in urllib3.connectionpool: Starting new HTTP connection (1): localhost:80
[2021-11-13 18:25:09,054] DEBUG in urllib3.connectionpool: http://localhost:80 "GET /posts/2 HTTP/1.1" 200 149
[2021-11-13 18:25:09,056] DEBUG in urllib3.connectionpool: Starting new HTTP connection (1): localhost:80
[2021-11-13 18:25:09,068] DEBUG in urllib3.connectionpool: http://localhost:80 "GET /posts/3 HTTP/1.1" 200 163
[2021-11-13 18:25:09,069] DEBUG in urllib3.connectionpool: Starting new HTTP connection (1): localhost:80
[2021-11-13 18:25:09,080] DEBUG in urllib3.connectionpool: http://localhost:80 "GET /posts/3 HTTP/1.1" 200 163
[2021-11-13 18:26:14,804] DEBUG in urllib3.connectionpool: Starting new HTTP connection (1): localhost:80
[2021-11-13 18:26:14,821] DEBUG in urllib3.connectionpool: http://localhost:80 "GET /posts/3 HTTP/1.1" 200 163
[2021-11-13 18:26:41,291] DEBUG in urllib3.connectionpool: Starting new HTTP connection (1): localhost:80
[2021-11-13 18:26:41,306] DEBUG in urllib3.connectionpool: http://localhost:80 "GET /posts/3 HTTP/1.1" 200 163
[2021-11-13 18:26:57,523] DEBUG in urllib3.connectionpool: Starting new HTTP connection (1): localhost:80
[2021-11-13 18:26:57,537] DEBUG in urllib3.connectionpool: http://localhost:80 "GET /posts/3 HTTP/1.1" 200 163
[2021-11-13 18:27:16,109] DEBUG in urllib3.connectionpool: Starting new HTTP connection (1): localhost:80
[2021-11-13 18:27:16,126] DEBUG in urllib3.connectionpool: http://localhost:80 "GET /posts/3 HTTP/1.1" 200 163
[2021-11-13 18:59:26,390] DEBUG in urllib3.connectionpool: Starting new HTTP connection (1): localhost:80
[2021-11-13 18:59:26,395] DEBUG in urllib3.connectionpool: http://localhost:80 "GET /likesCount/1 HTTP/1.1" 404 2667
[2021-11-13 18:59:27,896] DEBUG in urllib3.connectionpool: Starting new HTTP connection (1): localhost:80
[2021-11-13 18:59:27,901] DEBUG in urllib3.connectionpool: http://localhost:80 "GET /likesCount/1 HTTP/1.1" 404 2667
[2021-11-13 18:59:45,320] DEBUG in urllib3.connectionpool: Starting new HTTP connection (1): localhost:80
[2021-11-13 18:59:45,325] DEBUG in urllib3.connectionpool: http://localhost:80 "GET /likesCount/1 HTTP/1.1" 404 2667
[2021-11-13 19:00:02,888] DEBUG in urllib3.connectionpool: Starting new HTTP connection (1): localhost:80
[2021-11-13 19:00:02,890] DEBUG in urllib3.connectionpool: http://localhost:80 "GET /likesCount/1 HTTP/1.1" 404 2667
[2021-11-13 19:00:47,642] DEBUG in urllib3.connectionpool: Starting new HTTP connection (1): localhost:80
[2021-11-13 19:00:47,644] DEBUG in urllib3.connectionpool: http://localhost:80 "GET /likesCount/1 HTTP/1.1" 404 2667
[2021-11-13 19:00:47,645] DEBUG in urllib3.connectionpool: Starting new HTTP connection (1): localhost:80
[2021-11-13 19:00:47,647] DEBUG in urllib3.connectionpool: http://localhost:80 "GET /likesCount/2 HTTP/1.1" 404 2667
[2021-11-13 19:00:47,649] DEBUG in urllib3.connectionpool: Starting new HTTP connection (1): localhost:80
[2021-11-13 19:00:47,651] DEBUG in urllib3.connectionpool: http://localhost:80 "GET /likesCount/3 HTTP/1.1" 404 2667
[2021-11-13 19:00:47,652] DEBUG in urllib3.connectionpool: Starting new HTTP connection (1): localhost:80
[2021-11-13 19:00:47,654] DEBUG in urllib3.connectionpool: http://localhost:80 "GET /likesCount/4 HTTP/1.1" 404 2667
[2021-11-13 19:00:47,655] DEBUG in urllib3.connectionpool: Starting new HTTP connection (1): localhost:80
[2021-11-13 19:00:47,657] DEBUG in urllib3.connectionpool: http://localhost:80 "GET /likesCount/5 HTTP/1.1" 404 2667
[2021-11-13 19:01:34,166] DEBUG in urllib3.connectionpool: Starting new HTTP connection (1): localhost:80
[2021-11-13 19:01:34,168] DEBUG in urllib3.connectionpool: http://localhost:80 "GET /likesCount/?PostID=1 HTTP/1.1" 404 2667
[2021-11-13 19:01:34,169] DEBUG in urllib3.connectionpool: Starting new HTTP connection (1): localhost:80
[2021-11-13 19:01:34,172] DEBUG in urllib3.connectionpool: http://localhost:80 "GET /likesCount/?PostID=2 HTTP/1.1" 404 2667
[2021-11-13 19:01:34,173] DEBUG in urllib3.connectionpool: Starting new HTTP connection (1): localhost:80
[2021-11-13 19:01:34,175] DEBUG in urllib3.connectionpool: http://localhost:80 "GET /likesCount/?PostID=3 HTTP/1.1" 404 2667
[2021-11-13 19:01:34,177] DEBUG in urllib3.connectionpool: Starting new HTTP connection (1): localhost:80
[2021-11-13 19:01:34,178] DEBUG in urllib3.connectionpool: http://localhost:80 "GET /likesCount/?PostID=4 HTTP/1.1" 404 2667
[2021-11-13 19:01:34,179] DEBUG in urllib3.connectionpool: Starting new HTTP connection (1): localhost:80
[2021-11-13 19:01:34,181] DEBUG in urllib3.connectionpool: http://localhost:80 "GET /likesCount/?PostID=5 HTTP/1.1" 404 2667
[2021-11-13 19:01:42,010] DEBUG in urllib3.connectionpool: Starting new HTTP connection (1): localhost:80
[2021-11-13 19:01:42,011] DEBUG in urllib3.connectionpool: http://localhost:80 "GET /likesCount/?postID=1 HTTP/1.1" 404 2667
[2021-11-13 19:01:42,013] DEBUG in urllib3.connectionpool: Starting new HTTP connection (1): localhost:80
[2021-11-13 19:01:42,015] DEBUG in urllib3.connectionpool: http://localhost:80 "GET /likesCount/?postID=2 HTTP/1.1" 404 2667
[2021-11-13 19:01:42,017] DEBUG in urllib3.connectionpool: Starting new HTTP connection (1): localhost:80
[2021-11-13 19:01:42,019] DEBUG in urllib3.connectionpool: http://localhost:80 "GET /likesCount/?postID=3 HTTP/1.1" 404 2667
[2021-11-13 19:01:42,020] DEBUG in urllib3.connectionpool: Starting new HTTP connection (1): localhost:80
[2021-11-13 19:01:42,022] DEBUG in urllib3.connectionpool: http://localhost:80 "GET /likesCount/?postID=4 HTTP/1.1" 404 2667
[2021-11-13 19:01:42,025] DEBUG in urllib3.connectionpool: Starting new HTTP connection (1): localhost:80
[2021-11-13 19:01:42,027] DEBUG in urllib3.connectionpool: http://localhost:80 "GET /likesCount/?postID=5 HTTP/1.1" 404 2667
[2021-11-13 19:02:59,002] DEBUG in urllib3.connectionpool: Starting new HTTP connection (1): localhost:8000
[2021-11-15 17:13:47,846] DEBUG in urllib3.connectionpool: Starting new HTTP connection (1): localhost:8000
[2021-11-15 17:14:15,432] DEBUG in urllib3.connectionpool: Starting new HTTP connection (1): localhost:8000
[2021-11-15 17:15:58,642] DEBUG in urllib3.connectionpool: Starting new HTTP connection (1): localhost:8000
[2021-11-15 17:17:09,303] DEBUG in urllib3.connectionpool: Starting new HTTP connection (1): localhost:8000
[2021-11-15 17:18:26,843] DEBUG in urllib3.connectionpool: Starting new HTTP connection (1): localhost:8000
[2021-11-15 17:21:29,902] DEBUG in urllib3.connectionpool: Starting new HTTP connection (1): localhost:8000
[2021-11-15 17:21:30,441] DEBUG in urllib3.connectionpool: Starting new HTTP connection (1): localhost:8000
[2021-11-15 17:21:31,393] DEBUG in urllib3.connectionpool: Starting new HTTP connection (1): localhost:8000
[2021-11-15 17:22:03,053] DEBUG in urllib3.connectionpool: Starting new HTTP connection (1): localhost:8000
[2021-11-23 11:20:29,054] DEBUG in urllib3.connectionpool: Starting new HTTP connection (1): localhost:80
[2021-11-23 11:20:35,725] DEBUG in urllib3.connectionpool: Starting new HTTP connection (1): localhost:80
[2021-11-23 11:20:52,656] DEBUG in urllib3.connectionpool: Starting new HTTP connection (1): localhost:80
[2021-11-23 11:21:30,148] DEBUG in urllib3.connectionpool: Starting new HTTP connection (1): localhost:80
[2021-11-23 11:21:40,490] DEBUG in urllib3.connectionpool: Starting new HTTP connection (1): localhost:5100
[2021-11-23 11:21:40,509] DEBUG in urllib3.connectionpool: http://localhost:5100 "GET /posts/1 HTTP/1.1" 200 224
[2021-11-23 11:21:40,510] DEBUG in urllib3.connectionpool: Starting new HTTP connection (1): localhost:5100
[2021-11-23 11:21:40,522] DEBUG in urllib3.connectionpool: http://localhost:5100 "GET /posts/2 HTTP/1.1" 200 149
[2021-11-23 11:21:40,523] DEBUG in urllib3.connectionpool: Starting new HTTP connection (1): localhost:5100
[2021-11-23 11:21:40,536] DEBUG in urllib3.connectionpool: http://localhost:5100 "GET /posts/3 HTTP/1.1" 200 163
[2021-11-23 11:21:40,537] DEBUG in urllib3.connectionpool: Starting new HTTP connection (1): localhost:5100
[2021-11-23 11:21:40,548] DEBUG in urllib3.connectionpool: http://localhost:5100 "GET /posts/4 HTTP/1.1" 200 244
[2021-11-23 11:21:40,549] DEBUG in urllib3.connectionpool: Starting new HTTP connection (1): localhost:5100
[2021-11-23 11:21:40,561] DEBUG in urllib3.connectionpool: http://localhost:5100 "GET /posts/5 HTTP/1.1" 200 269
[2021-11-23 11:24:09,670] DEBUG in urllib3.connectionpool: Starting new HTTP connection (1): localhost:8000
[2021-11-23 11:24:58,468] DEBUG in urllib3.connectionpool: Starting new HTTP connection (1): localhost:5200
[2021-11-23 12:46:41,741] DEBUG in urllib3.connectionpool: Starting new HTTP connection (1): localhost:5100
[2021-11-23 12:46:41,761] DEBUG in urllib3.connectionpool: http://localhost:5100 "GET /posts/1 HTTP/1.1" 200 224
[2021-11-23 12:46:41,762] DEBUG in urllib3.connectionpool: Starting new HTTP connection (1): localhost:5100
[2021-11-23 12:46:41,774] DEBUG in urllib3.connectionpool: http://localhost:5100 "GET /posts/2 HTTP/1.1" 200 149
[2021-11-23 12:46:41,775] DEBUG in urllib3.connectionpool: Starting new HTTP connection (1): localhost:5100
[2021-11-23 12:46:41,786] DEBUG in urllib3.connectionpool: http://localhost:5100 "GET /posts/3 HTTP/1.1" 200 163
[2021-11-23 12:46:41,787] DEBUG in urllib3.connectionpool: Starting new HTTP connection (1): localhost:5100
[2021-11-23 12:46:41,798] DEBUG in urllib3.connectionpool: http://localhost:5100 "GET /posts/4 HTTP/1.1" 200 244
[2021-11-23 12:46:41,800] DEBUG in urllib3.connectionpool: Starting new HTTP connection (1): localhost:5100
[2021-11-23 12:46:41,811] DEBUG in urllib3.connectionpool: http://localhost:5100 "GET /posts/5 HTTP/1.1" 200 269
[2021-11-23 12:47:26,380] DEBUG in urllib3.connectionpool: Starting new HTTP connection (1): localhost:5100
[2021-11-23 12:47:26,394] DEBUG in urllib3.connectionpool: http://localhost:5100 "GET /posts/1 HTTP/1.1" 200 224
[2021-11-23 12:47:32,903] DEBUG in urllib3.connectionpool: Starting new HTTP connection (1): localhost:5200
